TN:
SF:src/Components/ButtonPokedex/index.tsx
FN:4,ButtonPokedex
FN:5,handleNavigatePokedex
FNF:2
FNH:1
FNDA:3,ButtonPokedex
FNDA:0,handleNavigatePokedex
DA:1,1
DA:2,1
DA:3,1
DA:4,3
DA:5,3
DA:6,0
DA:7,0
DA:8,3
DA:9,3
DA:10,3
DA:11,3
DA:12,3
DA:13,3
DA:14,1
DA:15,1
LF:15
LH:13
BRDA:4,0,0,3
BRF:1
BRH:1
end_of_record
TN:
SF:src/Components/ButtonPokedex/styles.ts
FN:9,Object.<anonymous>.exports.StyledButtonPokedex
FN:11,Object.<anonymous>.exports.StyledButtonPokedex
FN:19,Object.<anonymous>.exports.StyledButtonPokedex
FN:25,Object.<anonymous>.exports.StyledButtonPokedex
FN:28,Object.<anonymous>.exports.StyledButtonPokedex
FNF:5
FNH:1
FNDA:4,Object.<anonymous>.exports.StyledButtonPokedex
FNDA:0,Object.<anonymous>.exports.StyledButtonPokedex
FNDA:0,Object.<anonymous>.exports.StyledButtonPokedex
FNDA:0,Object.<anonymous>.exports.StyledButtonPokedex
FNDA:0,Object.<anonymous>.exports.StyledButtonPokedex
DA:1,1
DA:2,1
DA:3,1
DA:4,1
DA:5,1
DA:6,1
DA:7,1
DA:8,1
DA:9,1
DA:10,1
DA:11,1
DA:12,1
DA:13,1
DA:14,1
DA:15,1
DA:16,1
DA:17,1
DA:18,1
DA:19,1
DA:20,1
DA:21,1
DA:22,1
DA:23,1
DA:24,1
DA:25,1
DA:26,1
DA:27,1
DA:28,1
DA:29,1
DA:30,1
DA:31,1
DA:32,1
DA:33,1
DA:34,1
LF:34
LH:34
BRDA:9,0,0,4
BRF:1
BRH:1
end_of_record
